<?xml version="1.0" encoding="UTF-8"?>
<testng-results skipped="0" failed="0" total="1" passed="1">
  <reporter-output>
  </reporter-output>
  <suite name="Default suite" duration-ms="3497" started-at="2015-06-05T22:24:25Z" finished-at="2015-06-05T22:24:29Z">
    <groups>
    </groups>
    <test name="Default test" duration-ms="3497" started-at="2015-06-05T22:24:25Z" finished-at="2015-06-05T22:24:29Z">
      <class name="bluesource.testreddit">
        <test-method status="PASS" signature="orgReposTreeTest()[pri:0, instance:bluesource.testreddit@35f983a6]" name="orgReposTreeTest" duration-ms="3471" started-at="2015-06-05T18:24:25Z" finished-at="2015-06-05T18:24:29Z">
          <reporter-output>
          </reporter-output>
        </test-method> <!-- orgReposTreeTest -->
      </class> <!-- bluesource.testreddit -->
    </test> <!-- Default test -->
  </suite> <!-- Default suite -->
</testng-results>
